[debug] ----------------------------------------------------------------------
[debug] Command:      /usr/local/Cellar/node/7.4.0/bin/node /usr/local/bin/firebase deploy
[debug] CLI Version:  3.4.0
[debug] Platform:     darwin
[debug] Node Version: v7.4.0
[debug] Time:         Sat Feb 25 2017 19:25:27 GMT-0400 (VET)
[debug] ----------------------------------------------------------------------
[debug] 
[debug] > command requires scopes: ["email","openid","https://www.googleapis.com/auth/cloudplatformprojects.readonly","https://www.googleapis.com/auth/firebase"]
[debug] >>> HTTP REQUEST GET https://admin.firebase.com/v1/projects/miniproyecto1  
 Sat Feb 25 2017 19:25:28 GMT-0400 (VET)
[debug] <<< HTTP RESPONSE 200
[debug] >>> HTTP REQUEST GET https://admin.firebase.com/v1/database/miniproyecto1/tokens  
 Sat Feb 25 2017 19:25:29 GMT-0400 (VET)
[debug] <<< HTTP RESPONSE 200
[info] 
[info] === Deploying to 'miniproyecto1'...
[info] 
[info] i  deploying database, hosting
[info] ✔  database: rules ready to deploy.
[info] i  hosting: preparing public directory for upload...
[debug] >>> HTTP REQUEST PUT https://deploy.firebase.com/v1/hosting/miniproyecto1/uploads/-Kdr_y2-PaNwNWMTRayt?fileCount=94&message=  
 Sat Feb 25 2017 19:25:33 GMT-0400 (VET)
